<?xml version="1.0" encoding="utf-8"?><testsuites name="pytest tests"><testsuite name="pytest" errors="0" failures="0" skipped="0" tests="6" time="59.530" timestamp="2026-04-09T13:37:17.067003+00:00" hostname="agent-env-ffa57439-c62f-474d-8022-28fe0120ff58"><testcase classname="tests.test_excel_import.TestCustomerCreationWithUniqueEmails" name="test_create_customer_with_unique_email" time="0.863" /><testcase classname="tests.test_excel_import.TestCustomerCreationWithUniqueEmails" name="test_duplicate_email_rejected" time="0.451" /><testcase classname="tests.test_excel_import.TestInvoiceCreation" name="test_create_invoice" time="0.633" /><testcase classname="tests.test_excel_import.TestInvoiceCreation" name="test_duplicate_invoice_number_rejected" time="0.855" /><testcase classname="tests.test_excel_import.TestBulkImportSimulation" name="test_bulk_import_with_duplicate_customers" time="54.760" /><testcase classname="tests.test_excel_import.TestEmailPatternUniqueness" name="test_email_pattern_uniqueness" time="1.691" /></testsuite></testsuites>