<?xml version="1.0" encoding="utf-8"?><testsuites name="pytest tests"><testsuite name="pytest" errors="0" failures="0" skipped="0" tests="40" time="16.877" timestamp="2026-04-28T12:28:59.959233+00:00" hostname="agent-env-ffa57439-c62f-474d-8022-28fe0120ff58"><testcase classname="backend.tests.test_role_access_iter7.TestLoginRegression" name="test_login_works[admin]" time="0.553" /><testcase classname="backend.tests.test_role_access_iter7.TestLoginRegression" name="test_login_works[data_entry]" time="0.480" /><testcase classname="backend.tests.test_role_access_iter7.TestLoginRegression" name="test_login_works[sales]" time="0.478" /><testcase classname="backend.tests.test_role_access_iter7.TestLoginRegression" name="test_login_works[employee_test]" time="0.487" /><testcase classname="backend.tests.test_role_access_iter7.TestLoginRegression" name="test_login_works[employee_rajesh]" time="0.482" /><testcase classname="backend.tests.test_role_access_iter7.TestEmployeeBlocked" name="test_employee_test_403[/api/customers]" time="2.730" /><testcase classname="backend.tests.test_role_access_iter7.TestEmployeeBlocked" name="test_employee_test_403[/api/products]" time="0.162" /><testcase classname="backend.tests.test_role_access_iter7.TestEmployeeBlocked" name="test_employee_test_403[/api/leads]" time="0.175" /><testcase classname="backend.tests.test_role_access_iter7.TestEmployeeBlocked" name="test_employee_test_403[/api/payments]" time="0.158" /><testcase classname="backend.tests.test_role_access_iter7.TestEmployeeBlocked" name="test_employee_test_403[/api/sales/invoices]" time="0.151" /><testcase classname="backend.tests.test_role_access_iter7.TestEmployeeBlocked" name="test_employee_test_403[/api/dashboard/stats]" time="0.151" /><testcase classname="backend.tests.test_role_access_iter7.TestEmployeeBlocked" name="test_employee_test_403[/api/users]" time="0.151" /><testcase classname="backend.tests.test_role_access_iter7.TestEmployeeBlocked" name="test_employee_test_403[/api/teams]" time="0.164" /><testcase classname="backend.tests.test_role_access_iter7.TestEmployeeBlocked" name="test_employee_test_403[/api/geofences]" time="0.144" /><testcase classname="backend.tests.test_role_access_iter7.TestEmployeeBlocked" name="test_employee_test_403[/api/locations/current]" time="0.193" /><testcase classname="backend.tests.test_role_access_iter7.TestEmployeeBlocked" name="test_employee_test_403[/api/activities]" time="0.158" /><testcase classname="backend.tests.test_role_access_iter7.TestEmployeeBlocked" name="test_employee_test_403[/api/master-data/categories]" time="0.163" /><testcase classname="backend.tests.test_role_access_iter7.TestEmployeeBlocked" name="test_employee_rajesh_403[/api/customers]" time="0.148" /><testcase classname="backend.tests.test_role_access_iter7.TestEmployeeBlocked" name="test_employee_rajesh_403[/api/products]" time="0.141" /><testcase classname="backend.tests.test_role_access_iter7.TestEmployeeBlocked" name="test_employee_rajesh_403[/api/leads]" time="0.180" /><testcase classname="backend.tests.test_role_access_iter7.TestEmployeeBlocked" name="test_employee_rajesh_403[/api/payments]" time="0.149" /><testcase classname="backend.tests.test_role_access_iter7.TestEmployeeBlocked" name="test_employee_rajesh_403[/api/sales/invoices]" time="0.144" /><testcase classname="backend.tests.test_role_access_iter7.TestEmployeeBlocked" name="test_employee_rajesh_403[/api/dashboard/stats]" time="0.144" /><testcase classname="backend.tests.test_role_access_iter7.TestEmployeeBlocked" name="test_employee_rajesh_403[/api/users]" time="0.149" /><testcase classname="backend.tests.test_role_access_iter7.TestEmployeeBlocked" name="test_employee_rajesh_403[/api/teams]" time="0.146" /><testcase classname="backend.tests.test_role_access_iter7.TestEmployeeBlocked" name="test_employee_rajesh_403[/api/geofences]" time="0.142" /><testcase classname="backend.tests.test_role_access_iter7.TestEmployeeBlocked" name="test_employee_rajesh_403[/api/locations/current]" time="0.143" /><testcase classname="backend.tests.test_role_access_iter7.TestEmployeeBlocked" name="test_employee_rajesh_403[/api/activities]" time="0.176" /><testcase classname="backend.tests.test_role_access_iter7.TestEmployeeBlocked" name="test_employee_rajesh_403[/api/master-data/categories]" time="0.167" /><testcase classname="backend.tests.test_role_access_iter7.TestEmployeeAllowed" name="test_employee_200[/api/daily-tasks]" time="0.151" /><testcase classname="backend.tests.test_role_access_iter7.TestEmployeeAllowed" name="test_employee_200[/api/auth/me]" time="0.143" /><testcase classname="backend.tests.test_role_access_iter7.TestEmployeeAllowed" name="test_employee_200[/api/companies/default/branding]" time="0.155" /><testcase classname="backend.tests.test_role_access_iter7.TestNonEmployeeNotBlocked" name="test_admin_customers_200" time="0.212" /><testcase classname="backend.tests.test_role_access_iter7.TestNonEmployeeNotBlocked" name="test_admin_users_200" time="0.142" /><testcase classname="backend.tests.test_role_access_iter7.TestNonEmployeeNotBlocked" name="test_admin_dashboard_200" time="0.153" /><testcase classname="backend.tests.test_role_access_iter7.TestNonEmployeeNotBlocked" name="test_data_entry_customers_200" time="0.180" /><testcase classname="backend.tests.test_role_access_iter7.TestNonEmployeeNotBlocked" name="test_data_entry_products_200" time="0.165" /><testcase classname="backend.tests.test_role_access_iter7.TestNonEmployeeNotBlocked" name="test_sales_customers_not_403" time="0.213" /><testcase classname="backend.tests.test_role_access_iter7.TestWebSocket" name="test_new_ws_path_connects" time="0.236" /><testcase classname="backend.tests.test_role_access_iter7.TestWebSocket" name="test_old_ws_path_not_wired" time="6.063" /></testsuite></testsuites>