<?xml version="1.0" encoding="utf-8"?><testsuites name="pytest tests"><testsuite name="pytest" errors="0" failures="0" skipped="0" tests="10" time="7.564" timestamp="2026-04-29T08:53:19.647773+00:00" hostname="agent-env-ffa57439-c62f-474d-8022-28fe0120ff58"><testcase classname="backend.tests.test_cookie_auth_iter11.TestLoginCookie" name="test_login_sets_httponly_cookie" time="1.096" /><testcase classname="backend.tests.test_cookie_auth_iter11.TestMeExtraction" name="test_me_with_cookie_only" time="1.016" /><testcase classname="backend.tests.test_cookie_auth_iter11.TestMeExtraction" name="test_me_with_bearer_only" time="0.864" /><testcase classname="backend.tests.test_cookie_auth_iter11.TestMeExtraction" name="test_me_no_auth_returns_401" time="0.242" /><testcase classname="backend.tests.test_cookie_auth_iter11.TestMeExtraction" name="test_me_bearer_null_returns_401" time="0.156" /><testcase classname="backend.tests.test_cookie_auth_iter11.TestMeExtraction" name="test_me_bearer_null_with_valid_cookie_returns_200" time="0.668" /><testcase classname="backend.tests.test_cookie_auth_iter11.TestLogout" name="test_logout_clears_cookie" time="0.918" /><testcase classname="backend.tests.test_cookie_auth_iter11.TestLogout" name="test_logout_without_auth_returns_401" time="0.210" /><testcase classname="backend.tests.test_cookie_auth_iter11.TestRoleRegressionViaCookie" name="test_data_entry_login_via_cookie" time="0.871" /><testcase classname="backend.tests.test_cookie_auth_iter11.TestRoleRegressionViaCookie" name="test_employee_login_via_cookie_and_blocked_from_customers" time="1.222" /></testsuite></testsuites>