<?xml version="1.0" encoding="utf-8"?><testsuites name="pytest tests"><testsuite name="pytest" errors="0" failures="0" skipped="0" tests="15" time="6.926" timestamp="2026-04-28T11:49:44.852888+00:00" hostname="agent-env-ffa57439-c62f-474d-8022-28fe0120ff58"><testcase classname="backend.tests.test_role_access_iter5.TestLoginP0" name="test_login_succeeds[admin_test]" time="0.567" /><testcase classname="backend.tests.test_role_access_iter5.TestLoginP0" name="test_login_succeeds[admin_zartec]" time="0.394" /><testcase classname="backend.tests.test_role_access_iter5.TestLoginP0" name="test_login_succeeds[dataentry]" time="0.393" /><testcase classname="backend.tests.test_role_access_iter5.TestLoginP0" name="test_login_succeeds[employee_test]" time="0.389" /><testcase classname="backend.tests.test_role_access_iter5.TestLoginP0" name="test_login_succeeds[employee_rajesh]" time="0.391" /><testcase classname="backend.tests.test_role_access_iter5.TestDataEntryAccess" name="test_get_customers" time="0.593" /><testcase classname="backend.tests.test_role_access_iter5.TestDataEntryAccess" name="test_get_products" time="0.171" /><testcase classname="backend.tests.test_role_access_iter5.TestDataEntryAccess" name="test_get_leads" time="0.178" /><testcase classname="backend.tests.test_role_access_iter5.TestDataEntryAccess" name="test_get_sales_invoices" time="0.221" /><testcase classname="backend.tests.test_role_access_iter5.TestDataEntryAccess" name="test_get_payments" time="0.156" /><testcase classname="backend.tests.test_role_access_iter5.TestDataEntryAccess" name="test_update_customer" time="1.216" /><testcase classname="backend.tests.test_role_access_iter5.TestEmployeeAccess" name="test_get_daily_tasks" time="0.577" /><testcase classname="backend.tests.test_role_access_iter5.TestEmployeeAccess" name="test_create_daily_task" time="0.453" /><testcase classname="backend.tests.test_role_access_iter5.TestEmployeeAccess" name="test_employee_only_sees_own_tasks" time="0.770" /><testcase classname="backend.tests.test_role_access_iter5.TestEmployeeAccess" name="test_employee_blocked_from_admin_endpoints" time="0.161" /></testsuite></testsuites>