<?xml version="1.0" encoding="utf-8"?><testsuites name="pytest tests"><testsuite name="pytest" errors="0" failures="0" skipped="0" tests="39" time="6.078" timestamp="2026-04-11T06:02:14.079961+00:00" hostname="agent-env-ffa57439-c62f-474d-8022-28fe0120ff58"><testcase classname="tests.test_crm_comprehensive.TestAuthentication" name="test_login_admin_success" time="0.500" /><testcase classname="tests.test_crm_comprehensive.TestAuthentication" name="test_login_sales_success" time="0.418" /><testcase classname="tests.test_crm_comprehensive.TestAuthentication" name="test_login_support_success" time="0.317" /><testcase classname="tests.test_crm_comprehensive.TestAuthentication" name="test_login_support2_success" time="0.318" /><testcase classname="tests.test_crm_comprehensive.TestAuthentication" name="test_login_invalid_credentials" time="0.046" /><testcase classname="tests.test_crm_comprehensive.TestActivities" name="test_create_activity_as_admin" time="0.744" /><testcase classname="tests.test_crm_comprehensive.TestActivities" name="test_create_activity_as_support" time="0.415" /><testcase classname="tests.test_crm_comprehensive.TestActivities" name="test_get_activities" time="0.050" /><testcase classname="tests.test_crm_comprehensive.TestActivities" name="test_search_activities_by_invoice" time="0.054" /><testcase classname="tests.test_crm_comprehensive.TestActivities" name="test_search_activities_by_work_order" time="0.051" /><testcase classname="tests.test_crm_comprehensive.TestActivities" name="test_search_activities_by_serial" time="0.053" /><testcase classname="tests.test_crm_comprehensive.TestActivities" name="test_filter_activities_by_status" time="0.050" /><testcase classname="tests.test_crm_comprehensive.TestActivities" name="test_activity_stats" time="0.053" /><testcase classname="tests.test_crm_comprehensive.TestActivityAccessControl" name="test_admin_can_edit_any_activity" time="0.154" /><testcase classname="tests.test_crm_comprehensive.TestActivityAccessControl" name="test_creator_can_edit_own_activity" time="0.103" /><testcase classname="tests.test_crm_comprehensive.TestActivityAccessControl" name="test_assignee_can_edit_assigned_activity" time="0.113" /><testcase classname="tests.test_crm_comprehensive.TestActivityAccessControl" name="test_non_creator_non_assignee_cannot_edit" time="0.116" /><testcase classname="tests.test_crm_comprehensive.TestActivityAccessControl" name="test_admin_can_reassign_activity" time="0.109" /><testcase classname="tests.test_crm_comprehensive.TestProducts" name="test_create_product" time="0.056" /><testcase classname="tests.test_crm_comprehensive.TestProducts" name="test_get_products" time="0.051" /><testcase classname="tests.test_crm_comprehensive.TestProducts" name="test_export_products_csv" time="0.052" /><testcase classname="tests.test_crm_comprehensive.TestProducts" name="test_get_warranty_expiring_products" time="0.053" /><testcase classname="tests.test_crm_comprehensive.TestProducts" name="test_get_maintenance_due_products" time="0.062" /><testcase classname="tests.test_crm_comprehensive.TestProducts" name="test_non_admin_cannot_create_product" time="0.117" /><testcase classname="tests.test_crm_comprehensive.TestCustomers" name="test_create_customer" time="0.053" /><testcase classname="tests.test_crm_comprehensive.TestCustomers" name="test_get_customers" time="0.084" /><testcase classname="tests.test_crm_comprehensive.TestCustomers" name="test_support_can_create_customer" time="0.049" /><testcase classname="tests.test_crm_comprehensive.TestLeads" name="test_create_lead_as_sales" time="0.444" /><testcase classname="tests.test_crm_comprehensive.TestLeads" name="test_get_leads_as_sales" time="0.048" /><testcase classname="tests.test_crm_comprehensive.TestLeads" name="test_get_leads_as_admin" time="0.052" /><testcase classname="tests.test_crm_comprehensive.TestLeads" name="test_support_cannot_create_lead" time="0.116" /><testcase classname="tests.test_crm_comprehensive.TestLocationTracking" name="test_admin_can_access_current_locations" time="0.092" /><testcase classname="tests.test_crm_comprehensive.TestLocationTracking" name="test_non_admin_cannot_access_current_locations" time="0.053" /><testcase classname="tests.test_crm_comprehensive.TestLocationTracking" name="test_user_can_access_own_location_history" time="0.049" /><testcase classname="tests.test_crm_comprehensive.TestLocationTracking" name="test_update_own_location" time="0.054" /><testcase classname="tests.test_crm_comprehensive.TestDashboard" name="test_get_dashboard_stats_as_admin" time="0.072" /><testcase classname="tests.test_crm_comprehensive.TestDashboard" name="test_get_dashboard_stats_as_sales" time="0.069" /><testcase classname="tests.test_crm_comprehensive.TestCleanup" name="test_cleanup_test_activities" time="0.391" /><testcase classname="tests.test_crm_comprehensive.TestCleanup" name="test_cleanup_test_products" time="0.098" /></testsuite></testsuites>