<?xml version="1.0" encoding="utf-8"?><testsuites name="pytest tests"><testsuite name="pytest" errors="0" failures="0" skipped="1" tests="13" time="8.933" timestamp="2026-04-28T13:56:28.151808+00:00" hostname="agent-env-ffa57439-c62f-474d-8022-28fe0120ff58"><testcase classname="backend.tests.test_data_entry_full_access_iter10.TestDataEntryCustomers" name="test_post_put_delete" time="3.376" /><testcase classname="backend.tests.test_data_entry_full_access_iter10.TestDataEntryProducts" name="test_post_put_delete" time="0.485" /><testcase classname="backend.tests.test_data_entry_full_access_iter10.TestDataEntryLeads" name="test_post_put_delete" time="0.648" /><testcase classname="backend.tests.test_data_entry_full_access_iter10.TestDataEntrySalesInvoices" name="test_post_put_delete" time="0.682" /><testcase classname="backend.tests.test_data_entry_full_access_iter10.TestDataEntryPayments" name="test_post_put_delete" time="0.969" /><testcase classname="backend.tests.test_data_entry_full_access_iter10.TestRegression" name="test_employee_blocked_post_customer" time="0.141" /><testcase classname="backend.tests.test_data_entry_full_access_iter10.TestRegression" name="test_employee_blocked_post_lead" time="0.143" /><testcase classname="backend.tests.test_data_entry_full_access_iter10.TestRegression" name="test_admin_full_access_customer" time="0.319" /><testcase classname="backend.tests.test_data_entry_full_access_iter10.TestRegression" name="test_sales_customer_post" time="0.001"><skipped type="pytest.skip" message="sales not seeded">/app/backend/tests/test_data_entry_full_access_iter10.py:307: sales not seeded</skipped></testcase><testcase classname="backend.tests.test_data_entry_full_access_iter10.TestLogins" name="test_login[data_entry]" time="0.480" /><testcase classname="backend.tests.test_data_entry_full_access_iter10.TestLogins" name="test_login[data_entry_alt]" time="0.496" /><testcase classname="backend.tests.test_data_entry_full_access_iter10.TestLogins" name="test_login[admin]" time="0.486" /><testcase classname="backend.tests.test_data_entry_full_access_iter10.TestLogins" name="test_login[employee]" time="0.476" /></testsuite></testsuites>