<?xml version="1.0" encoding="utf-8"?><testsuites name="pytest tests"><testsuite name="pytest" errors="0" failures="0" skipped="1" tests="12" time="6.130" timestamp="2026-04-28T13:07:52.664469+00:00" hostname="agent-env-ffa57439-c62f-474d-8022-28fe0120ff58"><testcase classname="backend.tests.test_daily_tasks_iter9.TestCustomerDropdown" name="test_employee_rajesh_200" time="3.188" /><testcase classname="backend.tests.test_daily_tasks_iter9.TestCustomerDropdown" name="test_employee_test_200" time="0.155" /><testcase classname="backend.tests.test_daily_tasks_iter9.TestCustomerDropdown" name="test_admin_200" time="0.149" /><testcase classname="backend.tests.test_daily_tasks_iter9.TestCustomerDropdown" name="test_data_entry_403" time="0.148" /><testcase classname="backend.tests.test_daily_tasks_iter9.TestCustomerDropdown" name="test_sales_403" time="0.001"><skipped type="pytest.skip" message="sales login failed">/app/backend/tests/test_daily_tasks_iter9.py:75: sales login failed</skipped></testcase><testcase classname="backend.tests.test_daily_tasks_iter9.TestCreateProgressClose" name="test_create_with_customer_id_hydrates_name" time="0.331" /><testcase classname="backend.tests.test_daily_tasks_iter9.TestCreateProgressClose" name="test_create_with_invalid_customer_id_400" time="0.831" /><testcase classname="backend.tests.test_daily_tasks_iter9.TestCreateProgressClose" name="test_add_progress_note_sets_in_progress" time="0.147" /><testcase classname="backend.tests.test_daily_tasks_iter9.TestCreateProgressClose" name="test_other_employee_progress_403" time="0.400" /><testcase classname="backend.tests.test_daily_tasks_iter9.TestCreateProgressClose" name="test_close_task_sets_completed" time="0.185" /><testcase classname="backend.tests.test_daily_tasks_iter9.TestCreateProgressClose" name="test_put_after_close_409" time="0.149" /><testcase classname="backend.tests.test_daily_tasks_iter9.TestCreateProgressClose" name="test_progress_after_close_409" time="0.257" /></testsuite></testsuites>