<?xml version="1.0" encoding="utf-8"?><testsuites name="pytest tests"><testsuite name="pytest" errors="0" failures="0" skipped="0" tests="28" time="5.586" timestamp="2026-04-03T09:53:13.401868+00:00" hostname="agent-env-ffa57439-c62f-474d-8022-28fe0120ff58"><testcase classname="backend.tests.test_crm_api.TestAuthentication" name="test_login_admin_success" time="0.832" /><testcase classname="backend.tests.test_crm_api.TestAuthentication" name="test_login_agent_success" time="0.489" /><testcase classname="backend.tests.test_crm_api.TestAuthentication" name="test_login_client_success" time="0.461" /><testcase classname="backend.tests.test_crm_api.TestAuthentication" name="test_login_invalid_credentials" time="0.072" /><testcase classname="backend.tests.test_crm_api.TestAuthentication" name="test_register_new_user" time="0.429" /><testcase classname="backend.tests.test_crm_api.TestAuthentication" name="test_register_duplicate_email" time="0.087" /><testcase classname="backend.tests.test_crm_api.TestAuthentication" name="test_get_current_user" time="0.457" /><testcase classname="backend.tests.test_crm_api.TestUsers" name="test_get_all_users" time="0.071" /><testcase classname="backend.tests.test_crm_api.TestUsers" name="test_get_users_by_role" time="0.053" /><testcase classname="backend.tests.test_crm_api.TestUsers" name="test_get_user_by_id" time="0.101" /><testcase classname="backend.tests.test_crm_api.TestUsers" name="test_get_nonexistent_user" time="0.064" /><testcase classname="backend.tests.test_crm_api.TestDashboard" name="test_get_dashboard_stats" time="0.063" /><testcase classname="backend.tests.test_crm_api.TestLocations" name="test_update_location" time="0.054" /><testcase classname="backend.tests.test_crm_api.TestLocations" name="test_get_current_locations" time="0.064" /><testcase classname="backend.tests.test_crm_api.TestLocations" name="test_get_user_location_history" time="0.123" /><testcase classname="backend.tests.test_crm_api.TestLocations" name="test_get_user_distance" time="0.107" /><testcase classname="backend.tests.test_crm_api.TestActivities" name="test_create_activity" time="0.136" /><testcase classname="backend.tests.test_crm_api.TestActivities" name="test_get_activities" time="0.057" /><testcase classname="backend.tests.test_crm_api.TestActivities" name="test_get_activities_by_status" time="0.060" /><testcase classname="backend.tests.test_crm_api.TestActivities" name="test_get_activities_stats" time="0.073" /><testcase classname="backend.tests.test_crm_api.TestTeams" name="test_create_team" time="0.063" /><testcase classname="backend.tests.test_crm_api.TestTeams" name="test_get_teams" time="0.193" /><testcase classname="backend.tests.test_crm_api.TestGeofences" name="test_create_geofence" time="0.057" /><testcase classname="backend.tests.test_crm_api.TestGeofences" name="test_get_geofences" time="0.437" /><testcase classname="backend.tests.test_crm_api.TestGeofences" name="test_get_geofence_alerts" time="0.216" /><testcase classname="backend.tests.test_crm_api.TestUnauthorizedAccess" name="test_dashboard_requires_auth" time="0.050" /><testcase classname="backend.tests.test_crm_api.TestUnauthorizedAccess" name="test_users_requires_auth" time="0.193" /><testcase classname="backend.tests.test_crm_api.TestUnauthorizedAccess" name="test_locations_requires_auth" time="0.075" /></testsuite></testsuites>